信息：CustomCategory:navigation_view_generic: 55 mini seconds publishing element
信息：SupportingMaterial:introduction_to_openup: 98 mini seconds publishing element
信息：CustomCategory:getting_started_list: 21 mini seconds publishing element
信息：CustomCategory:understanding_openup: 16 mini seconds publishing element
信息：Roadmap:openup_roadmap: 29 mini seconds publishing element
信息：SupportingMaterial:who_should_use_openup: 14 mini seconds publishing element
信息：CustomCategory:core_principles_category: 16 mini seconds publishing element
信息：Concept:core_principle_balance: 27 mini seconds publishing element
信息：Concept:core_principle_collaborate: 23 mini seconds publishing element
信息：Concept:core_principle_focus: 15 mini seconds publishing element
信息：Concept:core_principle_evolve: 20 mini seconds publishing element
信息：SupportingMaterial:minimal_complete_extensible: 15 mini seconds publishing element
信息：Concept:basic_process_concepts: 29 mini seconds publishing element
信息：Concept:practice: 12 mini seconds publishing element
信息：SupportingMaterial:resources_for_contributing_to_epf: 15 mini seconds publishing element
信息：SupportingMaterial:resources_for_customizing_methods: 29 mini seconds publishing element
信息：CustomCategory:delivery_process_list: 12 mini seconds publishing element
信息：: 1217 mini-second(s) publishing element DeliveryProcess:openup_lifecycle[process.openup.base\deliveryprocesses\openup_lifecycle_EE511F3A.html]
信息：DeliveryProcess:openup_lifecycle: 1218 mini seconds publishing element
信息：DeliveryProcess:openup_lifecycle: 871 mini seconds publishing process specific layout data
信息：Phase:Inception Phase: 224 mini seconds publishing element
信息：Iteration:inception_phase_iteration: 310 mini seconds publishing element
信息：Activity:initiate_project: 145 mini seconds publishing element
信息：Activity:plan_manage_iteration: 155 mini seconds publishing element
信息：Activity:Prepare Environment: 67 mini seconds publishing element
信息：Activity:identify_and_refine_requirements: 121 mini seconds publishing element
信息：Activity:agree_technical_approach: 100 mini seconds publishing element
信息：Milestone:lifecycle_objectives_milestone: 15 mini seconds publishing element
信息：Phase:Elaboration Phase: 270 mini seconds publishing element
信息：Iteration:elaboration_phase_iteration: 377 mini seconds publishing element
信息：Activity:plan_manage_iteration: 155 mini seconds publishing element
信息：Activity:identify_and_refine_requirements: 130 mini seconds publishing element
信息：Activity:develop_architecture: 157 mini seconds publishing element
信息：Activity:develop_solution: 161 mini seconds publishing element
信息：Activity:develop_solution: 121 mini seconds publishing element
信息：Activity:test_solution: 104 mini seconds publishing element
信息：Activity:ongoing_tasks: 75 mini seconds publishing element
信息：Milestone:lifecycle_architecture_milestone: 14 mini seconds publishing element
信息：Phase:Construction Phase: 280 mini seconds publishing element
信息：Iteration:construction_phase_iteration: 391 mini seconds publishing element
信息：Activity:plan_manage_iteration: 158 mini seconds publishing element
信息：Activity:identify_and_refine_requirements: 128 mini seconds publishing element
信息：Activity:develop_solution: 121 mini seconds publishing element
信息：Activity:test_solution: 105 mini seconds publishing element
信息：Activity:ongoing_tasks: 74 mini seconds publishing element
信息：Activity:prepare_product_documentation: 94 mini seconds publishing element
信息：Milestone:initial_operational_capability_milestone: 14 mini seconds publishing element
信息：Phase:Transition Phase: 290 mini seconds publishing element
信息：Iteration:transition_phase_iteration: 432 mini seconds publishing element
信息：Activity:plan_manage_iteration: 175 mini seconds publishing element
信息：Activity:develop_solution: 129 mini seconds publishing element
信息：Activity:test_solution: 99 mini seconds publishing element
信息：Activity:prep_doc_trng: 95 mini seconds publishing element
信息：Activity:prepare_for_release: 93 mini seconds publishing element
信息：Activity:provide_product_training: 72 mini seconds publishing element
信息：Activity:ongoing_tasks: 75 mini seconds publishing element
信息：Activity:deploy_release_to_production: 102 mini seconds publishing element
信息：Milestone:product_release_milestone: 13 mini seconds publishing element
信息：CustomCategory:practices: 19 mini seconds publishing element
信息：CustomCategory:management_practice_list: 14 mini seconds publishing element
信息：Practice:iterative_development: 47 mini seconds publishing element
信息：Roadmap:how_to_adopt: 18 mini seconds publishing element
信息：Concept:iteration_lifecycle: 24 mini seconds publishing element
信息：Concept:micro_increments: 21 mini seconds publishing element
信息：Concept:retrospective: 16 mini seconds publishing element
信息：Concept:iteration: 30 mini seconds publishing element
信息：SupportingMaterial:epf_copyright: 13 mini seconds publishing element
信息：Artifact:iteration_plan: 42 mini seconds publishing element
信息：Artifact:work_items_list: 69 mini seconds publishing element
信息：Artifact:risk_list: 40 mini seconds publishing element
信息：Task:assess_results: 73 mini seconds publishing element
信息：Task:manage_iteration: 57 mini seconds publishing element
信息：Task:plan_iteration: 70 mini seconds publishing element
信息：Report:iteration_burndown: 13 mini seconds publishing element
信息：Guideline:agile_estimation: 25 mini seconds publishing element
信息：Guideline:assign_changes_to_iteration: 15 mini seconds publishing element
信息：Guideline:conduct_retrospective: 21 mini seconds publishing element
信息：Guideline:iteration_assessment: 16 mini seconds publishing element
信息：Guideline:iteration_planning: 17 mini seconds publishing element
信息：Guideline:managing_risks: 19 mini seconds publishing element
信息：Guideline:managing_work_items: 26 mini seconds publishing element
信息：Guideline:prioritizing_work_items: 17 mini seconds publishing element
信息：Practice:risk_value_lifecycle: 28 mini seconds publishing element
信息：Roadmap:how_to_adopt: 15 mini seconds publishing element
信息：Concept:project_lifecycle: 36 mini seconds publishing element
信息：Concept:phase_milestones: 29 mini seconds publishing element
信息：Concept:inception_phase: 20 mini seconds publishing element
信息：Concept:elaboration_phase: 22 mini seconds publishing element
信息：Concept:construction_phase: 19 mini seconds publishing element
信息：Concept:transition_phase: 20 mini seconds publishing element
信息：CapabilityPattern:risk_value_lifecycle_phases: 136 mini seconds publishing element
信息：CapabilityPattern:risk_value_lifecycle_phases: 89 mini seconds publishing process specific layout data
信息：Phase:inception_phase: 59 mini seconds publishing element
信息：Iteration:inception_iteration: 56 mini seconds publishing element
信息：Milestone:Lifecycle Objectives Milestone: 12 mini seconds publishing element
信息：Phase:elaboration_phase: 54 mini seconds publishing element
信息：Iteration:elaboration_iteration: 56 mini seconds publishing element
信息：Milestone:Lifecycle Architecture Milestone: 13 mini seconds publishing element
信息：Phase:construction_phase: 60 mini seconds publishing element
信息：Iteration:construction_iteration: 61 mini seconds publishing element
信息：Milestone:Initial Operational Capability: 14 mini seconds publishing element
信息：Phase:transition_phase: 61 mini seconds publishing element
信息：Iteration:transition_iteration: 71 mini seconds publishing element
信息：Milestone:Product Release Milestone: 13 mini seconds publishing element
信息：Practice:release_planning: 27 mini seconds publishing element
信息：Roadmap:how_to_adopt: 15 mini seconds publishing element
信息：Concept:metrics: 22 mini seconds publishing element
信息：Artifact:project_plan: 41 mini seconds publishing element
信息：Task:plan_the_project: 93 mini seconds publishing element
信息：Report:project_burndown: 13 mini seconds publishing element
信息：Guideline:staffing_project: 29 mini seconds publishing element
信息：Practice:whole_team: 19 mini seconds publishing element
信息：Roadmap:how_to_adopt: 14 mini seconds publishing element
信息：Concept:whole_team: 14 mini seconds publishing element
信息：Guideline:daily_meetings: 74 mini seconds publishing element
信息：Guideline:maintain_a_sustainable_pace: 13 mini seconds publishing element
信息：Guideline:self_organize_work_assignments: 30 mini seconds publishing element
信息：Practice:team_change_mgmt: 20 mini seconds publishing element
信息：Roadmap:how_to_adopt: 20 mini seconds publishing element
信息：Task:request_change: 35 mini seconds publishing element
信息：Guideline:submitting_change_requests: 15 mini seconds publishing element
信息：Example:work_items_list: 19 mini seconds publishing element
信息：Practice:project_process_tailoring: 29 mini seconds publishing element
信息：Concept:development_case: 17 mini seconds publishing element
信息：Artifact:tools: 25 mini seconds publishing element
信息：Artifact:project_defined_process: 31 mini seconds publishing element
信息：Task:deploy_process: 40 mini seconds publishing element
信息：Task:setup_tools: 40 mini seconds publishing element
信息：Task:tailor_process: 55 mini seconds publishing element
信息：Task:verify_tool_config_installation: 37 mini seconds publishing element
信息：Example:development_case_project: 16 mini seconds publishing element
信息：SupportingMaterial:rel_info_project_process_tailoring: 15 mini seconds publishing element
信息：Template:development_case: 23 mini seconds publishing element
信息：Guideline:classifying_work_products: 20 mini seconds publishing element
信息：Guideline:deploying_tools: 20 mini seconds publishing element
信息：Guideline:tailor_process_project: 20 mini seconds publishing element
信息：Guideline:tailoring_configuration_management: 14 mini seconds publishing element
信息：Guideline:tailoring_specific_process_area: 24 mini seconds publishing element
信息：Guideline:tailoring_risk_management: 16 mini seconds publishing element
信息：CustomCategory:technical_practice_list: 14 mini seconds publishing element
信息：Practice:concurrent_testing: 27 mini seconds publishing element
信息：Roadmap:how_to_adopt_concurrent_testing: 15 mini seconds publishing element
信息：Concept:test_ideas: 19 mini seconds publishing element
信息：Concept:testing_qualitative_rqmts: 18 mini seconds publishing element
信息：Artifact:test_case: 29 mini seconds publishing element
信息：Artifact:test_log: 33 mini seconds publishing element
信息：Artifact:test_script: 31 mini seconds publishing element
信息：Task:create_test_cases: 56 mini seconds publishing element
信息：Task:implement_tests: 63 mini seconds publishing element
信息：Task:run_tests: 47 mini seconds publishing element
信息：Guideline:maintaining_automated_test_suite: 20 mini seconds publishing element
信息：Guideline:programming_automated_tests: 20 mini seconds publishing element
信息：Guideline:test_ideas: 17 mini seconds publishing element
信息：Guideline:test_suite: 21 mini seconds publishing element
信息：Practice:continous_integration: 23 mini seconds publishing element
信息：Roadmap:how_to_adopt_continuous_integration: 20 mini seconds publishing element
信息：Concept:change_requests: 11 mini seconds publishing element
信息：Concept:change_set: 14 mini seconds publishing element
信息：Concept:workspace: 16 mini seconds publishing element
信息：Artifact:build: 38 mini seconds publishing element
信息：Task:integrate_and_create_build: 50 mini seconds publishing element
信息：Guideline:continuous_integration: 19 mini seconds publishing element
信息：Guideline:promoting_changes: 16 mini seconds publishing element
信息：Practice:evolutionary_arch: 26 mini seconds publishing element
信息：Roadmap:how_to_adopt_evolutionary_arch_practice: 17 mini seconds publishing element
信息：Concept:arch_mechanism: 40 mini seconds publishing element
信息：Concept:arch_views_viewpoints: 13 mini seconds publishing element
信息：Concept:software_architecture: 38 mini seconds publishing element
信息：Artifact:architecture_notebook: 42 mini seconds publishing element
信息：Task:envision_the_arch: 92 mini seconds publishing element
信息：Task:refine_the_arch: 112 mini seconds publishing element
信息：Guideline:abstract_away_complexity: 28 mini seconds publishing element
信息：Guideline:modeling_the_arch: 37 mini seconds publishing element
信息：Guideline:software_reuse: 43 mini seconds publishing element
信息：Practice:evolutionary_design: 35 mini seconds publishing element
信息：Roadmap:how_to_adopt_evolutionary_design: 21 mini seconds publishing element
信息：Concept:design: 33 mini seconds publishing element
信息：Concept:design_mechanism: 16 mini seconds publishing element
信息：Concept:implementation_mechanism: 21 mini seconds publishing element
信息：Concept:requirements_realization: 17 mini seconds publishing element
信息：Artifact:design: 47 mini seconds publishing element
信息：Task:design_solution: 89 mini seconds publishing element
信息：SupportingMaterial:using_ed_in_context: 15 mini seconds publishing element
信息：Guideline:analyze_the_design: 29 mini seconds publishing element
信息：Guideline:evolve_the_design: 33 mini seconds publishing element
信息：Guideline:refactoring: 30 mini seconds publishing element
信息：Practice:shared_vision: 20 mini seconds publishing element
信息：Roadmap:how_to_adopt: 13 mini seconds publishing element
信息：Artifact:vision: 41 mini seconds publishing element
信息：Artifact:glossary: 50 mini seconds publishing element
信息：Task:develop_technical_vision: 72 mini seconds publishing element
信息：Guideline:req_gathering_techniques: 27 mini seconds publishing element
信息：Guideline:effective_req_reviews: 27 mini seconds publishing element
信息：Practice:test_driven_dev: 38 mini seconds publishing element
信息：Roadmap:adopt_tdd_practice: 15 mini seconds publishing element
信息：Concept:coding_standard: 14 mini seconds publishing element
信息：Concept:collective_code_ownership: 13 mini seconds publishing element
信息：Concept:developer_testing: 22 mini seconds publishing element
信息：Concept:refactoring: 20 mini seconds publishing element
信息：Artifact:developer_test: 45 mini seconds publishing element
信息：Artifact:implementation: 49 mini seconds publishing element
信息：Task:implement_developer_tests: 65 mini seconds publishing element
信息：Task:implement_solution: 65 mini seconds publishing element
信息：Task:run_developer_tests: 232 mini seconds publishing element
信息：SupportingMaterial:using_tdd_in_context: 119 mini seconds publishing element
信息：Guideline:developer_testing: 30 mini seconds publishing element
信息：Guideline:mapping_design_to_code: 16 mini seconds publishing element
信息：Guideline:test_driven_development: 23 mini seconds publishing element
信息：Practice:use_case_driven_dev_practice: 28 mini seconds publishing element
信息：Roadmap:how_to_adopt: 17 mini seconds publishing element
信息：Concept:requirements: 16 mini seconds publishing element
信息：Concept:use_case: 38 mini seconds publishing element
信息：Concept:actor: 20 mini seconds publishing element
信息：Concept:use_case_model: 21 mini seconds publishing element
信息：Artifact:use_case: 56 mini seconds publishing element
信息：Artifact:use_case_model: 50 mini seconds publishing element
信息：Artifact:system_wide_requirements: 45 mini seconds publishing element
信息：Task:identify_and_outline_requirements: 78 mini seconds publishing element
信息：Task:detail_use_case_scenarios: 51 mini seconds publishing element
信息：Task:detail_system_wide_requirements: 42 mini seconds publishing element
信息：Guideline:detail_ucs_and_scenarios: 18 mini seconds publishing element
信息：Guideline:identify_and_outline_actors_and_ucs: 16 mini seconds publishing element
信息：Guideline:system_wide_requirements: 26 mini seconds publishing element
信息：Guideline:uc_realizations: 20 mini seconds publishing element
信息：CustomCategory:deployment_practice_list: 9 mini seconds publishing element
信息：Practice:documentation_and_training: 33 mini seconds publishing element
信息：Roadmap:how_to_adopt_doc_training: 12 mini seconds publishing element
信息：Artifact:product_documentation: 30 mini seconds publishing element
信息：Artifact:support_documentation: 24 mini seconds publishing element
信息：Artifact:training_materials: 25 mini seconds publishing element
信息：Artifact:user_documentation: 30 mini seconds publishing element
信息：Task:develop_product_documentation: 53 mini seconds publishing element
信息：Task:develop_user_documentation: 58 mini seconds publishing element
信息：Task:develop_support_documentation: 63 mini seconds publishing element
信息：Task:develop_training_materials: 66 mini seconds publishing element
信息：Task:deliver_end_user_training: 45 mini seconds publishing element
信息：Task:deliver_support_training: 39 mini seconds publishing element
信息：Role:course_developer: 44 mini seconds publishing element
信息：Role:product_owner: 35 mini seconds publishing element
信息：Role:technical_writer: 58 mini seconds publishing element
信息：Role:trainer: 36 mini seconds publishing element
信息：Practice:production_release: 39 mini seconds publishing element
信息：Roadmap:how_to_adopt_production_release: 12 mini seconds publishing element
信息：Concept:release_iteration: 11 mini seconds publishing element
信息：Artifact:backout_plan: 29 mini seconds publishing element
信息：Artifact:deployment_plan: 31 mini seconds publishing element
信息：Artifact:infrastructure: 23 mini seconds publishing element
信息：Artifact:release_communications: 24 mini seconds publishing element
信息：Artifact:release_controls: 26 mini seconds publishing element
信息：Deliverable:release: 30 mini seconds publishing element
信息：Task:review_conform_to_release_controls: 35 mini seconds publishing element
信息：Task:install_validate_infrastructure: 44 mini seconds publishing element
信息：Task:plan_deployment: 47 mini seconds publishing element
信息：Task:develop_backout_plan: 35 mini seconds publishing element
信息：Task:develop_release_communications: 34 mini seconds publishing element
信息：Task:package_the_release: 48 mini seconds publishing element
信息：Task:execute_deployment_plan: 41 mini seconds publishing element
信息：Task:verify_successful_deployment: 38 mini seconds publishing element
信息：Task:execute_backout_plan: 45 mini seconds publishing element
信息：Task:deliver_release_communications: 36 mini seconds publishing element
信息：Checklist:deployment_plan: 250 mini seconds publishing element
信息：CustomCategory:role_set_list: 21 mini seconds publishing element
信息：RoleSet:basic_role_set: 18 mini seconds publishing element
信息：Role:analyst: 105 mini seconds publishing element
信息：Role:any_role: 35 mini seconds publishing element
信息：Role:architect: 76 mini seconds publishing element
信息：Role:developer: 180 mini seconds publishing element
信息：Role:project_manager: 77 mini seconds publishing element
信息：Role:stakeholder: 67 mini seconds publishing element
信息：Role:tester: 84 mini seconds publishing element
信息：RoleSet:deployment_roles_list: 13 mini seconds publishing element
信息：Role:deployment_engineer: 95 mini seconds publishing element
信息：Role:deployment_manager: 34 mini seconds publishing element
信息：RoleSet:environment_roles_list: 14 mini seconds publishing element
信息：Role:process_engineer: 57 mini seconds publishing element
信息：Role:tool_specialist: 49 mini seconds publishing element
信息：CustomCategory:work_products: 39 mini seconds publishing element
信息：Domain:architecture_domain: 19 mini seconds publishing element
信息：Domain:deployment_domain: 24 mini seconds publishing element
信息：Domain:development_domain: 126 mini seconds publishing element
信息：Domain:environment_domain: 42 mini seconds publishing element
信息：Domain:project_management_domain: 30 mini seconds publishing element
信息：Domain:requirements_domain: 17 mini seconds publishing element
信息：Domain:test_domain: 12 mini seconds publishing element
信息：CustomCategory:tasks: 29 mini seconds publishing element
信息：Discipline:architecture_discipline: 21 mini seconds publishing element
信息：Discipline:deployment_discipline: 28 mini seconds publishing element
信息：Discipline:development_discipline: 31 mini seconds publishing element
信息：Discipline:environment_discipline: 15 mini seconds publishing element
信息：Discipline:project_management_discipline: 29 mini seconds publishing element
信息：Discipline:requirements_discipline: 26 mini seconds publishing element
信息：Discipline:test_discipline: 19 mini seconds publishing element
信息：CustomCategory:guidance: 26 mini seconds publishing element
信息：CustomCategory:checklist_list: 19 mini seconds publishing element
信息：Checklist:architecture_notebook: 45 mini seconds publishing element
信息：Checklist:design: 52 mini seconds publishing element
信息：Checklist:developer_test: 22 mini seconds publishing element
信息：Checklist:general_requirements: 25 mini seconds publishing element
信息：Checklist:implementation: 21 mini seconds publishing element
信息：Checklist:iteration_plan: 19 mini seconds publishing element
信息：Checklist:project_plan: 22 mini seconds publishing element
信息：Checklist:risk_list: 31 mini seconds publishing element
信息：Checklist:system_wide_rqmts_furps: 33 mini seconds publishing element
信息：Checklist:test_case: 22 mini seconds publishing element
信息：Checklist:test_data: 28 mini seconds publishing element
信息：Checklist:test_script: 26 mini seconds publishing element
信息：Checklist:use_case: 39 mini seconds publishing element
信息：Checklist:use_case_model: 34 mini seconds publishing element
信息：Checklist:vision: 50 mini seconds publishing element
信息：Checklist:work_items_list: 24 mini seconds publishing element
信息：CustomCategory:concept_list: 38 mini seconds publishing element
信息：Concept:analysis_mechanism: 17 mini seconds publishing element
信息：Concept:arch_constraints: 18 mini seconds publishing element
信息：Concept:arch_goals: 19 mini seconds publishing element
信息：Concept:arch_significant_requirements: 21 mini seconds publishing element
信息：Concept:component: 22 mini seconds publishing element
信息：Concept:executable_arch: 15 mini seconds publishing element
信息：Concept:key_abstractions: 18 mini seconds publishing element
信息：Concept:pattern: 31 mini seconds publishing element
信息：Concept:requirement_attributes: 15 mini seconds publishing element
信息：Concept:risk: 23 mini seconds publishing element
信息：Concept:system_wide_requirements: 14 mini seconds publishing element
信息：Concept:visual_modeling: 17 mini seconds publishing element
信息：CustomCategory:example_list: 18 mini seconds publishing element
信息：Example:four_plus_one_view_of_arch: 16 mini seconds publishing element
信息：Example:architectural_mechanism_attributes: 12 mini seconds publishing element
信息：Example:uc_model_evolve: 18 mini seconds publishing element
信息：Example:iteration_burndown_report_example: 17 mini seconds publishing element
信息：Example:iteration_plan: 16 mini seconds publishing element
信息：Example:project_burndown_report_example: 19 mini seconds publishing element
信息：Example:project_plan: 21 mini seconds publishing element
信息：Example:uc_deposit_funds_outline: 11 mini seconds publishing element
信息：Example:uc_model_elaboration_phase: 19 mini seconds publishing element
信息：Example:uc_model_inception_phase: 14 mini seconds publishing element
信息：Example:uc_spec_validate_user: 13 mini seconds publishing element
信息：Example:uc_transfer_funds_outline: 10 mini seconds publishing element
信息：Example:uc_withdraw_cash_outline: 11 mini seconds publishing element
信息：Example:use_case_spec: 17 mini seconds publishing element
信息：CustomCategory:guideline_list: 38 mini seconds publishing element
信息：Guideline:collaboration_guidance_slot: 18 mini seconds publishing element
信息：Guideline:design_guidance_slot: 24 mini seconds publishing element
信息：Guideline:project_planning_guidance_slot: 56 mini seconds publishing element
信息：Guideline:work_assignment_guidance_slot: 28 mini seconds publishing element
信息：Guideline:deploying_the_solution: 24 mini seconds publishing element
信息：Guideline:designing_visually: 54 mini seconds publishing element
信息：Guideline:entity_control_boundary_pattern: 24 mini seconds publishing element
信息：Guideline:example_design_mechanisms: 47 mini seconds publishing element
信息：Guideline:identify_common_architectural_mechanisms: 13 mini seconds publishing element
信息：Guideline:layering: 19 mini seconds publishing element
信息：Guideline:repres_interfaces_to_ext_systems: 17 mini seconds publishing element
信息：Guideline:tailoring_testing: 10 mini seconds publishing element
信息：Guideline:use_case_model: 21 mini seconds publishing element
信息：Guideline:using_visual_modeling: 16 mini seconds publishing element
信息：Guideline:writing_good_requirements: 17 mini seconds publishing element
信息：CustomCategory:practice_list: 19 mini seconds publishing element
信息：SupportingMaterial:references: 37 mini seconds publishing element
信息：CustomCategory:report_list: 12 mini seconds publishing element
信息：CustomCategory:roadmap_list: 24 mini seconds publishing element
信息：CustomCategory:template_list: 19 mini seconds publishing element
信息：Template:architecture_notebook: 18 mini seconds publishing element
信息：Template:design: 17 mini seconds publishing element
信息：Template:iteration_plan: 14 mini seconds publishing element
信息：Template:project_plan: 15 mini seconds publishing element
信息：Template:risk_list: 15 mini seconds publishing element
信息：Template:systemwide_requirements_specification: 16 mini seconds publishing element
信息：Template:test_case: 476 mini seconds publishing element
信息：Template:test_script: 236 mini seconds publishing element
信息：Template:use_case_specification: 21 mini seconds publishing element
信息：Template:vision: 14 mini seconds publishing element
信息：Template:work_items_list: 104 mini seconds publishing element
信息：CustomCategory:tool_list: 23 mini seconds publishing element
信息：Tool:method_composer_tool: 18 mini seconds publishing element
信息：ToolMentor:use_method_composer_to_update_process: 18 mini seconds publishing element
信息：CustomCategory:release_info: 93 mini seconds publishing element
信息：SupportingMaterial:release_info: 15 mini seconds publishing element
信息：SupportingMaterial:release_info_concurrent_testing: 14 mini seconds publishing element
信息：SupportingMaterial:release_info_continuous_integration: 19 mini seconds publishing element
信息：SupportingMaterial:release_info_doc_and_training: 13 mini seconds publishing element
信息：SupportingMaterial:release_info_evolutionary_arch: 16 mini seconds publishing element
信息：SupportingMaterial:release_info_evolutionary_design: 15 mini seconds publishing element
信息：SupportingMaterial:release_info_iterative_dev: 15 mini seconds publishing element
信息：SupportingMaterial:release_info_prod_release: 15 mini seconds publishing element
信息：SupportingMaterial:release_info_release_planning: 14 mini seconds publishing element
信息：SupportingMaterial:release_info_risk_value_lifecycle: 13 mini seconds publishing element
信息：SupportingMaterial:release_info_shared_vision: 13 mini seconds publishing element
信息：SupportingMaterial:release_info_team_change_mgmt: 14 mini seconds publishing element
信息：SupportingMaterial:release_info_test_driven_development: 15 mini seconds publishing element
信息：SupportingMaterial:release_info_uc_driven_dev: 15 mini seconds publishing element
信息：SupportingMaterial:release_info_whole_team: 14 mini seconds publishing element
信息：SupportingMaterial:release_info_openup_process: 16 mini seconds publishing element
信息：SupportingMaterial:release_info_openup: 13 mini seconds publishing element
信息：SupportingMaterial:release_info: 10 mini seconds publishing element
信息：TermDefinition:build: 13 mini seconds publishing element
信息：TermDefinition:role: 10 mini seconds publishing element
信息：TermDefinition:task: 10 mini seconds publishing element
信息：TermDefinition:artifact: 12 mini seconds publishing element
信息：CapabilityPattern:inception_phase_iteration: 289 mini seconds publishing element
信息：CapabilityPattern:inception_phase_iteration: 123 mini seconds publishing process specific layout data
信息：CapabilityPattern:elaboration_phase_iteration: 643 mini seconds publishing element
信息：CapabilityPattern:elaboration_phase_iteration: 130 mini seconds publishing process specific layout data
信息：CapabilityPattern:construction_phase_iteration: 343 mini seconds publishing element
信息：CapabilityPattern:construction_phase_iteration: 132 mini seconds publishing process specific layout data
信息：CapabilityPattern:transition_phase_iteration: 425 mini seconds publishing element
信息：CapabilityPattern:transition_phase_iteration: 163 mini seconds publishing process specific layout data
信息：TermDefinition:method_configuration: 10 mini seconds publishing element
信息：TermDefinition:method_content: 11 mini seconds publishing element
信息：TermDefinition:process: 11 mini seconds publishing element
信息：TermDefinition:capability_pattern: 10 mini seconds publishing element
信息：TermDefinition:delivery_process: 10 mini seconds publishing element
信息：TermDefinition:custom_category: 10 mini seconds publishing element
信息：SupportingMaterial:epf_resources: 16 mini seconds publishing element
信息：SupportingMaterial:rational_method_composer_resources: 16 mini seconds publishing element
信息：TaskDescriptor:develop_technical_vision: 39 mini seconds publishing element
信息：TaskDescriptor:plan_the_project: 44 mini seconds publishing element
信息：TaskDescriptor:plan_iteration: 41 mini seconds publishing element
信息：TaskDescriptor:tailor_process: 44 mini seconds publishing element
信息：TaskDescriptor:setup_tools: 27 mini seconds publishing element
信息：TaskDescriptor:verify_tool_config_installation: 29 mini seconds publishing element
信息：TaskDescriptor:deploy_process: 22 mini seconds publishing element
信息：TaskDescriptor:manage_iteration: 41 mini seconds publishing element
信息：TaskDescriptor:assess_results: 40 mini seconds publishing element
信息：TaskDescriptor:identify_and_outline_requirements: 42 mini seconds publishing element
信息：TaskDescriptor:detail_use_case_scenarios: 38 mini seconds publishing element
信息：TaskDescriptor:detail_system_wide_requirements: 26 mini seconds publishing element
信息：TaskDescriptor:create_test_cases: 35 mini seconds publishing element
信息：TaskDescriptor:envision_the_arch: 58 mini seconds publishing element
信息：TaskDescriptor:plan_deployment: 28 mini seconds publishing element
信息：TaskDescriptor:design_solution: 60 mini seconds publishing element
信息：TaskDescriptor:implement_developer_tests: 46 mini seconds publishing element
信息：TaskDescriptor:implement_solution: 36 mini seconds publishing element
信息：TaskDescriptor:run_developer_tests: 26 mini seconds publishing element
信息：TaskDescriptor:integrate_and_create_build: 34 mini seconds publishing element
信息：TaskDescriptor:refine_the_arch: 49 mini seconds publishing element
信息：TaskDescriptor:implement_tests: 39 mini seconds publishing element
信息：TaskDescriptor:run_tests: 36 mini seconds publishing element
信息：TaskDescriptor:request_change: 20 mini seconds publishing element
信息：TaskDescriptor:plan_deployment: 29 mini seconds publishing element
信息：TaskDescriptor:develop_product_documentation: 27 mini seconds publishing element
信息：TaskDescriptor:develop_user_documentation: 30 mini seconds publishing element
信息：TaskDescriptor:develop_support_documentation: 28 mini seconds publishing element
信息：TaskDescriptor:develop_training_materials: 31 mini seconds publishing element
信息：TaskDescriptor:review_conform_to_release_controls: 23 mini seconds publishing element
信息：TaskDescriptor:install_validate_infrastructure: 33 mini seconds publishing element
信息：TaskDescriptor:develop_backout_plan: 27 mini seconds publishing element
信息：TaskDescriptor:develop_release_communications: 25 mini seconds publishing element
信息：TaskDescriptor:deliver_end_user_training: 25 mini seconds publishing element
信息：TaskDescriptor:deliver_support_training: 27 mini seconds publishing element
信息：TaskDescriptor:package_the_release: 29 mini seconds publishing element
信息：TaskDescriptor:execute_deployment_plan: 23 mini seconds publishing element
信息：TaskDescriptor:verify_successful_deployment: 24 mini seconds publishing element
信息：TaskDescriptor:execute_backout_plan: 25 mini seconds publishing element
信息：TaskDescriptor:deliver_release_communications: 24 mini seconds publishing element
信息：RoleDescriptor:analyst: 21 mini seconds publishing element
信息：RoleDescriptor:any_role: 16 mini seconds publishing element
信息：RoleDescriptor:architect: 17 mini seconds publishing element
信息：RoleDescriptor:course_developer: 16 mini seconds publishing element
信息：RoleDescriptor:deployment_engineer: 20 mini seconds publishing element
信息：RoleDescriptor:developer: 17 mini seconds publishing element
信息：RoleDescriptor:process_engineer: 17 mini seconds publishing element
信息：RoleDescriptor:product_owner: 16 mini seconds publishing element
信息：RoleDescriptor:project_manager: 19 mini seconds publishing element
信息：RoleDescriptor:stakeholder: 15 mini seconds publishing element
信息：RoleDescriptor:technical_writer: 22 mini seconds publishing element
信息：RoleDescriptor:tester: 16 mini seconds publishing element
信息：RoleDescriptor:tool_specialist: 15 mini seconds publishing element
信息：RoleDescriptor:trainer: 16 mini seconds publishing element
信息：WorkProductDescriptor:project_definition_and_scope_slot: 19 mini seconds publishing element
信息：WorkProductDescriptor:project_work_slot: 21 mini seconds publishing element
信息：WorkProductDescriptor:technical_architecture_slot: 16 mini seconds publishing element
信息：WorkProductDescriptor:technical_design_slot: 15 mini seconds publishing element
信息：WorkProductDescriptor:technical_implementation_slot: 18 mini seconds publishing element
信息：WorkProductDescriptor:technical_specification_slot: 19 mini seconds publishing element
信息：WorkProductDescriptor:technical_test_results_slot: 16 mini seconds publishing element
信息：WorkProductDescriptor:architecture_notebook: 18 mini seconds publishing element
信息：WorkProductDescriptor:backout_plan: 16 mini seconds publishing element
信息：WorkProductDescriptor:build: 15 mini seconds publishing element
信息：WorkProductDescriptor:deployment_plan: 19 mini seconds publishing element
信息：WorkProductDescriptor:design: 18 mini seconds publishing element
信息：WorkProductDescriptor:developer_test: 15 mini seconds publishing element
信息：WorkProductDescriptor:glossary: 19 mini seconds publishing element
信息：WorkProductDescriptor:implementation: 15 mini seconds publishing element
信息：WorkProductDescriptor:infrastructure: 16 mini seconds publishing element
信息：WorkProductDescriptor:iteration_plan: 20 mini seconds publishing element
信息：WorkProductDescriptor:product_documentation: 20 mini seconds publishing element
信息：WorkProductDescriptor:project_defined_process: 27 mini seconds publishing element
信息：WorkProductDescriptor:project_plan: 20 mini seconds publishing element
信息：WorkProductDescriptor:release: 17 mini seconds publishing element
信息：WorkProductDescriptor:release_communications: 17 mini seconds publishing element
信息：WorkProductDescriptor:release_controls: 18 mini seconds publishing element
信息：WorkProductDescriptor:risk_list: 16 mini seconds publishing element
信息：WorkProductDescriptor:support_documentation: 18 mini seconds publishing element
信息：WorkProductDescriptor:system_wide_requirements: 18 mini seconds publishing element
信息：WorkProductDescriptor:test_case: 15 mini seconds publishing element
信息：WorkProductDescriptor:test_log: 15 mini seconds publishing element
信息：WorkProductDescriptor:test_script: 17 mini seconds publishing element
信息：WorkProductDescriptor:tools: 18 mini seconds publishing element
信息：WorkProductDescriptor:training_materials: 18 mini seconds publishing element
信息：WorkProductDescriptor:use_case: 21 mini seconds publishing element
信息：WorkProductDescriptor:use_case_model: 19 mini seconds publishing element
信息：WorkProductDescriptor:user_documentation: 25 mini seconds publishing element
信息：WorkProductDescriptor:vision: 27 mini seconds publishing element
信息：WorkProductDescriptor:work_items_list: 19 mini seconds publishing element
信息：CapabilityPattern:identify_and_refine_requirements: 109 mini seconds publishing element
信息：CapabilityPattern:identify_and_refine_requirements: 13 mini seconds publishing process specific layout data
信息：CapabilityPattern:initiate_project: 100 mini seconds publishing element
信息：CapabilityPattern:initiate_project: 10 mini seconds publishing process specific layout data
信息：CapabilityPattern:agree_technical_approach: 523 mini seconds publishing element
信息：CapabilityPattern:agree_technical_approach: 7 mini seconds publishing process specific layout data
信息：CapabilityPattern:plan_manage_iteration: 140 mini seconds publishing element
信息：CapabilityPattern:plan_manage_iteration: 17 mini seconds publishing process specific layout data
信息：RoleDescriptor:analyst: 20 mini seconds publishing element
信息：RoleDescriptor:architect: 20 mini seconds publishing element
信息：RoleDescriptor:developer: 21 mini seconds publishing element
信息：RoleDescriptor:project_manager: 32 mini seconds publishing element
信息：RoleDescriptor:stakeholder: 16 mini seconds publishing element
信息：RoleDescriptor:tester: 19 mini seconds publishing element
信息：WorkProductDescriptor:technical_specification_slot: 20 mini seconds publishing element
信息：WorkProductDescriptor:architecture_notebook: 20 mini seconds publishing element
信息：WorkProductDescriptor:build: 16 mini seconds publishing element
信息：WorkProductDescriptor:design: 19 mini seconds publishing element
信息：WorkProductDescriptor:developer_test: 17 mini seconds publishing element
信息：WorkProductDescriptor:glossary: 18 mini seconds publishing element
信息：WorkProductDescriptor:implementation: 16 mini seconds publishing element
信息：WorkProductDescriptor:iteration_plan: 35 mini seconds publishing element
信息：WorkProductDescriptor:project_plan: 20 mini seconds publishing element
信息：WorkProductDescriptor:risk_list: 25 mini seconds publishing element
信息：WorkProductDescriptor:system_wide_requirements: 19 mini seconds publishing element
信息：WorkProductDescriptor:test_case: 16 mini seconds publishing element
信息：WorkProductDescriptor:test_log: 16 mini seconds publishing element
信息：WorkProductDescriptor:test_script: 17 mini seconds publishing element
信息：WorkProductDescriptor:use_case: 20 mini seconds publishing element
信息：WorkProductDescriptor:use_case_model: 18 mini seconds publishing element
信息：WorkProductDescriptor:vision: 19 mini seconds publishing element
信息：WorkProductDescriptor:work_items_list: 40 mini seconds publishing element
信息：RoleDescriptor:analyst: 30 mini seconds publishing element
信息：RoleDescriptor:architect: 23 mini seconds publishing element
信息：RoleDescriptor:developer: 28 mini seconds publishing element
信息：RoleDescriptor:stakeholder: 22 mini seconds publishing element
信息：RoleDescriptor:tester: 27 mini seconds publishing element
信息：WorkProductDescriptor:technical_specification_slot: 24 mini seconds publishing element
信息：WorkProductDescriptor:architecture_notebook: 23 mini seconds publishing element
信息：WorkProductDescriptor:build: 17 mini seconds publishing element
信息：WorkProductDescriptor:design: 21 mini seconds publishing element
信息：WorkProductDescriptor:developer_test: 18 mini seconds publishing element
信息：WorkProductDescriptor:glossary: 39 mini seconds publishing element
信息：WorkProductDescriptor:implementation: 15 mini seconds publishing element
信息：WorkProductDescriptor:system_wide_requirements: 24 mini seconds publishing element
信息：WorkProductDescriptor:test_case: 20 mini seconds publishing element
信息：WorkProductDescriptor:test_log: 14 mini seconds publishing element
信息：WorkProductDescriptor:test_script: 16 mini seconds publishing element
信息：WorkProductDescriptor:use_case: 27 mini seconds publishing element
信息：WorkProductDescriptor:use_case_model: 23 mini seconds publishing element
信息：WorkProductDescriptor:vision: 17 mini seconds publishing element
信息：WorkProductDescriptor:work_items_list: 21 mini seconds publishing element
信息：RoleDescriptor:analyst: 18 mini seconds publishing element
信息：RoleDescriptor:architect: 18 mini seconds publishing element
信息：RoleDescriptor:developer: 19 mini seconds publishing element
信息：RoleDescriptor:project_manager: 17 mini seconds publishing element
信息：RoleDescriptor:stakeholder: 13 mini seconds publishing element
信息：WorkProductDescriptor:technical_specification_slot: 18 mini seconds publishing element
信息：WorkProductDescriptor:architecture_notebook: 27 mini seconds publishing element
信息：WorkProductDescriptor:build: 15 mini seconds publishing element
信息：WorkProductDescriptor:design: 18 mini seconds publishing element
信息：WorkProductDescriptor:developer_test: 15 mini seconds publishing element
信息：WorkProductDescriptor:glossary: 16 mini seconds publishing element
信息：WorkProductDescriptor:implementation: 14 mini seconds publishing element
信息：WorkProductDescriptor:iteration_plan: 19 mini seconds publishing element
信息：WorkProductDescriptor:project_plan: 18 mini seconds publishing element
信息：WorkProductDescriptor:risk_list: 17 mini seconds publishing element
信息：WorkProductDescriptor:system_wide_requirements: 17 mini seconds publishing element
信息：WorkProductDescriptor:use_case: 18 mini seconds publishing element
信息：WorkProductDescriptor:use_case_model: 17 mini seconds publishing element
信息：WorkProductDescriptor:vision: 18 mini seconds publishing element
信息：WorkProductDescriptor:work_items_list: 19 mini seconds publishing element
信息：CapabilityPattern:develop_architecture: 120 mini seconds publishing element
信息：CapabilityPattern:develop_architecture: 15 mini seconds publishing process specific layout data
信息：CapabilityPattern:develop_solution: 309 mini seconds publishing element
信息：CapabilityPattern:develop_solution: 133 mini seconds publishing process specific layout data
信息：CapabilityPattern:test_solution: 90 mini seconds publishing element
信息：CapabilityPattern:test_solution: 9 mini seconds publishing process specific layout data
信息：RoleDescriptor:analyst: 24 mini seconds publishing element
信息：RoleDescriptor:architect: 16 mini seconds publishing element
信息：RoleDescriptor:developer: 27 mini seconds publishing element
信息：RoleDescriptor:project_manager: 17 mini seconds publishing element
信息：RoleDescriptor:stakeholder: 14 mini seconds publishing element
信息：RoleDescriptor:tester: 18 mini seconds publishing element
信息：WorkProductDescriptor:technical_architecture_slot: 14 mini seconds publishing element
信息：WorkProductDescriptor:technical_specification_slot: 19 mini seconds publishing element
信息：WorkProductDescriptor:architecture_notebook: 21 mini seconds publishing element
信息：WorkProductDescriptor:build: 21 mini seconds publishing element
信息：WorkProductDescriptor:design: 23 mini seconds publishing element
信息：WorkProductDescriptor:developer_test: 20 mini seconds publishing element
信息：WorkProductDescriptor:glossary: 18 mini seconds publishing element
信息：WorkProductDescriptor:implementation: 21 mini seconds publishing element
信息：WorkProductDescriptor:iteration_plan: 19 mini seconds publishing element
信息：WorkProductDescriptor:project_plan: 18 mini seconds publishing element
信息：WorkProductDescriptor:risk_list: 22 mini seconds publishing element
信息：WorkProductDescriptor:system_wide_requirements: 18 mini seconds publishing element
信息：WorkProductDescriptor:test_case: 16 mini seconds publishing element
信息：WorkProductDescriptor:test_log: 17 mini seconds publishing element
信息：WorkProductDescriptor:test_script: 17 mini seconds publishing element
信息：WorkProductDescriptor:use_case: 19 mini seconds publishing element
信息：WorkProductDescriptor:use_case_model: 17 mini seconds publishing element
信息：WorkProductDescriptor:vision: 17 mini seconds publishing element
信息：WorkProductDescriptor:work_items_list: 18 mini seconds publishing element
信息：WorkProductDescriptor:architecture_notebook: 20 mini seconds publishing element
信息：RoleDescriptor:analyst: 20 mini seconds publishing element
信息：RoleDescriptor:developer: 16 mini seconds publishing element
信息：RoleDescriptor:stakeholder: 21 mini seconds publishing element
信息：RoleDescriptor:tester: 19 mini seconds publishing element
信息：WorkProductDescriptor:technical_implementation_slot: 18 mini seconds publishing element
信息：WorkProductDescriptor:build: 24 mini seconds publishing element
信息：WorkProductDescriptor:design: 28 mini seconds publishing element
信息：WorkProductDescriptor:developer_test: 30 mini seconds publishing element
信息：WorkProductDescriptor:glossary: 24 mini seconds publishing element
信息：WorkProductDescriptor:implementation: 25 mini seconds publishing element
信息：WorkProductDescriptor:system_wide_requirements: 22 mini seconds publishing element
信息：WorkProductDescriptor:test_case: 25 mini seconds publishing element
信息：WorkProductDescriptor:test_log: 22 mini seconds publishing element
信息：WorkProductDescriptor:test_script: 19 mini seconds publishing element
信息：WorkProductDescriptor:use_case: 16 mini seconds publishing element
信息：WorkProductDescriptor:use_case_model: 17 mini seconds publishing element
信息：WorkProductDescriptor:vision: 15 mini seconds publishing element
信息：WorkProductDescriptor:work_items_list: 18 mini seconds publishing element
信息：CapabilityPattern:ongoing_tasks: 65 mini seconds publishing element
信息：CapabilityPattern:ongoing_tasks: 3 mini seconds publishing process specific layout data
信息：RoleDescriptor:deployment_engineer: 23 mini seconds publishing element
信息：WorkProductDescriptor:backout_plan: 26 mini seconds publishing element
信息：WorkProductDescriptor:deployment_plan: 27 mini seconds publishing element
信息：WorkProductDescriptor:release: 16 mini seconds publishing element
信息：WorkProductDescriptor:release_communications: 17 mini seconds publishing element
信息：RoleDescriptor:developer: 16 mini seconds publishing element
信息：WorkProductDescriptor:build: 13 mini seconds publishing element
信息：WorkProductDescriptor:design: 16 mini seconds publishing element
信息：WorkProductDescriptor:developer_test: 14 mini seconds publishing element
信息：WorkProductDescriptor:implementation: 14 mini seconds publishing element
信息：CapabilityPattern:prep_doc_trng: 80 mini seconds publishing element
信息：CapabilityPattern:prep_doc_trng: 7 mini seconds publishing process specific layout data
信息：RoleDescriptor:deployment_engineer: 20 mini seconds publishing element
信息：WorkProductDescriptor:backout_plan: 18 mini seconds publishing element
信息：WorkProductDescriptor:deployment_plan: 19 mini seconds publishing element
信息：WorkProductDescriptor:release: 15 mini seconds publishing element
信息：WorkProductDescriptor:release_communications: 23 mini seconds publishing element
信息：RoleDescriptor:developer: 21 mini seconds publishing element
信息：WorkProductDescriptor:build: 14 mini seconds publishing element
信息：WorkProductDescriptor:design: 17 mini seconds publishing element
信息：WorkProductDescriptor:developer_test: 15 mini seconds publishing element
信息：WorkProductDescriptor:implementation: 14 mini seconds publishing element
信息：CapabilityPattern:prepare_for_release: 81 mini seconds publishing element
信息：CapabilityPattern:prepare_for_release: 7 mini seconds publishing process specific layout data
信息：WorkProductDescriptor:product_documentation: 15 mini seconds publishing element
信息：WorkProductDescriptor:support_documentation: 14 mini seconds publishing element
信息：WorkProductDescriptor:training_materials: 16 mini seconds publishing element
信息：WorkProductDescriptor:user_documentation: 15 mini seconds publishing element
信息：CapabilityPattern:provide_product_training: 67 mini seconds publishing element
信息：CapabilityPattern:provide_product_training: 4 mini seconds publishing process specific layout data
信息：RoleDescriptor:deployment_engineer: 23 mini seconds publishing element
信息：RoleDescriptor:developer: 23 mini seconds publishing element
信息：RoleDescriptor:product_owner: 15 mini seconds publishing element
信息：WorkProductDescriptor:backout_plan: 16 mini seconds publishing element
信息：WorkProductDescriptor:build: 14 mini seconds publishing element
信息：WorkProductDescriptor:deployment_plan: 19 mini seconds publishing element
信息：WorkProductDescriptor:design: 16 mini seconds publishing element
信息：WorkProductDescriptor:developer_test: 14 mini seconds publishing element
信息：WorkProductDescriptor:implementation: 14 mini seconds publishing element
信息：WorkProductDescriptor:infrastructure: 15 mini seconds publishing element
信息：WorkProductDescriptor:release: 23 mini seconds publishing element
信息：WorkProductDescriptor:release_communications: 15 mini seconds publishing element
信息：WorkProductDescriptor:release_controls: 16 mini seconds publishing element
信息：CapabilityPattern:deploy_release_to_production: 89 mini seconds publishing element
信息：CapabilityPattern:deploy_release_to_production: 9 mini seconds publishing process specific layout data
信息：Artifact:project_definition_and_scope_slot: 15 mini seconds publishing element
信息：Artifact:technical_architecture_slot: 17 mini seconds publishing element
信息：Artifact:technical_specification_slot: 38 mini seconds publishing element
信息：Artifact:technical_test_results_slot: 13 mini seconds publishing element
信息：Artifact:project_status_slot: 13 mini seconds publishing element
信息：Artifact:project_work_slot: 14 mini seconds publishing element
信息：Artifact:project_risk_slot: 10 mini seconds publishing element
信息：TermDefinition:risk: 12 mini seconds publishing element
信息：TermDefinition:work_product: 11 mini seconds publishing element
信息：Artifact:technical_implementation_slot: 24 mini seconds publishing element
信息：Artifact:technical_design_slot: 20 mini seconds publishing element
信息：TermDefinition:feature: 11 mini seconds publishing element
信息：TermDefinition:code_instrumentation: 11 mini seconds publishing element
信息：SupportingMaterial:intellectual_property_notices: 11 mini seconds publishing element
信息：TermDefinition:method_library: 11 mini seconds publishing element
信息：TermDefinition:guidance: 10 mini seconds publishing element
信息：TermDefinition:view: 10 mini seconds publishing element
信息：RoleDescriptor:architect: 21 mini seconds publishing element
信息：RoleDescriptor:developer: 20 mini seconds publishing element
信息：WorkProductDescriptor:technical_specification_slot: 26 mini seconds publishing element
信息：WorkProductDescriptor:technical_design_slot: 14 mini seconds publishing element
信息：WorkProductDescriptor:technical_implementation_slot: 21 mini seconds publishing element
信息：RoleDescriptor:developer: 23 mini seconds publishing element
信息：TermDefinition:deliverable: 12 mini seconds publishing element
信息：TermDefinition:outcome: 13 mini seconds publishing element
信息：TermDefinition:stakeholder_need: 11 mini seconds publishing element
信息：TermDefinition:method_plugin: 12 mini seconds publishing element
信息：TermDefinition:method_element: 12 mini seconds publishing element
信息：WorkProductDescriptor:build: 20 mini seconds publishing element
信息：WorkProductDescriptor:design: 23 mini seconds publishing element
信息：WorkProductDescriptor:developer_test: 18 mini seconds publishing element
信息：WorkProductDescriptor:implementation: 19 mini seconds publishing element
信息：: Publishing time: 0 minutes 34 seconds
