信息：CustomCategory:scrum_overview: 31 mini seconds publishing element
信息：SupportingMaterial:scrum_overview: 34 mini seconds publishing element
信息：RoleSet:scrum_roles: 18 mini seconds publishing element
信息：Role:product_owner: 47 mini seconds publishing element
信息：Role:scrummaster: 70 mini seconds publishing element
信息：Role:scrum_team: 98 mini seconds publishing element
信息：WorkProductType:scrum_work_products: 58 mini seconds publishing element
信息：Artifact:potentially_shippable_product_incremement: 23 mini seconds publishing element
信息：Artifact:product_backlog: 46 mini seconds publishing element
信息：Artifact:release_burndown_chart: 37 mini seconds publishing element
信息：Artifact:sprint_backlog: 24 mini seconds publishing element
信息：Artifact:sprint_burndown_chart: 21 mini seconds publishing element
信息：Artifact:taskboard: 23 mini seconds publishing element
信息：Discipline:scrum_activities: 16 mini seconds publishing element
信息：Task:sprint_planning_meeting: 25 mini seconds publishing element
信息：Task:sprint_retrospective: 17 mini seconds publishing element
信息：Task:sprint_review_meeting: 36 mini seconds publishing element
信息：Task:the_daily_scrum: 22 mini seconds publishing element
信息：Task:estimating_the_backlog: 15 mini seconds publishing element
信息：Task:prioritizing_the_backlog: 18 mini seconds publishing element
信息：Task:release_planning: 20 mini seconds publishing element
信息：CustomCategory:scrum_guidance: 12 mini seconds publishing element
信息：Guideline:scrum_of_scrums: 14 mini seconds publishing element
信息：Guideline:estimation_techniques: 13 mini seconds publishing element
信息：Guideline:prioritizing_the_backlog: 16 mini seconds publishing element
信息：SupportingMaterial:scrum_references: 11 mini seconds publishing element
信息：Concept:story_points: 16 mini seconds publishing element
信息：Template:burndown_chart: 33 mini seconds publishing element
信息：Example:example_product_backlog: 18 mini seconds publishing element
信息：Example:alternative_release_burndown_chart: 38 mini seconds publishing element
信息：: Publishing time: 0 minutes 1 seconds
